[11-Dec-2021 11:18:02 Europe/Lisbon] PHP Warning:  include(partials/header.php): Failed to open stream: No such file or directory in /var/www/constantconstipation.club/html/pages/about.php on line 13
[11-Dec-2021 11:18:02 Europe/Lisbon] PHP Warning:  include(): Failed opening 'partials/header.php' for inclusion (include_path='.:/usr/share/php') in /var/www/constantconstipation.club/html/pages/about.php on line 13
[11-Dec-2021 11:18:02 Europe/Lisbon] PHP Warning:  include(partials/footer.php): Failed to open stream: No such file or directory in /var/www/constantconstipation.club/html/pages/about.php on line 28
[11-Dec-2021 11:18:02 Europe/Lisbon] PHP Warning:  include(): Failed opening 'partials/footer.php' for inclusion (include_path='.:/usr/share/php') in /var/www/constantconstipation.club/html/pages/about.php on line 28
[11-Dec-2021 11:18:41 Europe/Lisbon] PHP Warning:  include(partials/header.php): Failed to open stream: No such file or directory in /var/www/constantconstipation.club/html/pages/about.php on line 13
[11-Dec-2021 11:18:41 Europe/Lisbon] PHP Warning:  include(): Failed opening 'partials/header.php' for inclusion (include_path='.:/usr/share/php') in /var/www/constantconstipation.club/html/pages/about.php on line 13
[11-Dec-2021 11:18:41 Europe/Lisbon] PHP Warning:  include(partials/footer.php): Failed to open stream: No such file or directory in /var/www/constantconstipation.club/html/pages/about.php on line 28
[11-Dec-2021 11:18:41 Europe/Lisbon] PHP Warning:  include(): Failed opening 'partials/footer.php' for inclusion (include_path='.:/usr/share/php') in /var/www/constantconstipation.club/html/pages/about.php on line 28
[11-Dec-2021 11:20:43 Europe/Lisbon] PHP Warning:  include(#): Failed to open stream: No such file or directory in /var/www/constantconstipation.club/html/pages/about.php on line 13
[11-Dec-2021 11:20:43 Europe/Lisbon] PHP Warning:  include(): Failed opening '#' for inclusion (include_path='.:/usr/share/php') in /var/www/constantconstipation.club/html/pages/about.php on line 13
[11-Dec-2021 11:20:43 Europe/Lisbon] PHP Warning:  include(#): Failed to open stream: No such file or directory in /var/www/constantconstipation.club/html/pages/about.php on line 22
[11-Dec-2021 11:20:43 Europe/Lisbon] PHP Warning:  include(): Failed opening '#' for inclusion (include_path='.:/usr/share/php') in /var/www/constantconstipation.club/html/pages/about.php on line 22
[11-Dec-2021 11:20:43 Europe/Lisbon] PHP Warning:  include(#): Failed to open stream: No such file or directory in /var/www/constantconstipation.club/html/pages/about.php on line 25
[11-Dec-2021 11:20:43 Europe/Lisbon] PHP Warning:  include(): Failed opening '#' for inclusion (include_path='.:/usr/share/php') in /var/www/constantconstipation.club/html/pages/about.php on line 25
[11-Dec-2021 12:03:48 Europe/Lisbon] PHP Warning:  include(partials/header.php): Failed to open stream: No such file or directory in /var/www/constantconstipation.club/html/pages/about.php on line 13
[11-Dec-2021 12:03:48 Europe/Lisbon] PHP Warning:  include(): Failed opening 'partials/header.php' for inclusion (include_path='.:/usr/share/php') in /var/www/constantconstipation.club/html/pages/about.php on line 13
[11-Dec-2021 12:03:48 Europe/Lisbon] PHP Warning:  include(partials/footer.php): Failed to open stream: No such file or directory in /var/www/constantconstipation.club/html/pages/about.php on line 16
[11-Dec-2021 12:03:48 Europe/Lisbon] PHP Warning:  include(): Failed opening 'partials/footer.php' for inclusion (include_path='.:/usr/share/php') in /var/www/constantconstipation.club/html/pages/about.php on line 16
[11-Dec-2021 12:04:43 Europe/Lisbon] PHP Warning:  include(partials/header.php): Failed to open stream: No such file or directory in /var/www/constantconstipation.club/html/pages/about.php on line 13
[11-Dec-2021 12:04:43 Europe/Lisbon] PHP Warning:  include(): Failed opening 'partials/header.php' for inclusion (include_path='.:/usr/share/php') in /var/www/constantconstipation.club/html/pages/about.php on line 13
[11-Dec-2021 12:04:43 Europe/Lisbon] PHP Warning:  include(partials/footer.php): Failed to open stream: No such file or directory in /var/www/constantconstipation.club/html/pages/about.php on line 16
[11-Dec-2021 12:04:43 Europe/Lisbon] PHP Warning:  include(): Failed opening 'partials/footer.php' for inclusion (include_path='.:/usr/share/php') in /var/www/constantconstipation.club/html/pages/about.php on line 16
